07:52:21 **** Incremental Build of configuration Debug for project Bootloader ****
make -j7 all 
arm-none-eabi-gcc "../Core/Src/main.c" -mcpu=cortex-m7 -std=gnu11 -g3 -DDEBUG -DUSE_HAL_DRIVER -DSTM32F767xx -c -I../Core/Inc -I../Drivers/STM32F7xx_HAL_Driver/Inc -I../Drivers/STM32F7xx_HAL_Driver/Inc/Legacy -I../Drivers/CMSIS/Device/ST/STM32F7xx/Include -I../Drivers/CMSIS/Include -O0 -ffunction-sections -fdata-sections -Wall -fstack-usage -fcyclomatic-complexity -MMD -MP -MF"Core/Src/main.d" -MT"Core/Src/main.o" --specs=nano.specs -mfpu=fpv5-d16 -mfloat-abi=hard -mthumb -o "Core/Src/main.o"
../Core/Src/main.c: In function 'main':
../Core/Src/main.c:79:3: warning: implicit declaration of function 'AL_GPIO_WritePin'; did you mean 'HAL_GPIO_WritePin'? [-Wimplicit-function-declaration]
   79 |   AL_GPIO_WritePin(GPIOB, GPIO_PIN_0, GPIO_PIN_SET);
      |   ^~~~~~~~~~~~~~~~
      |   HAL_GPIO_WritePin
arm-none-eabi-gcc -o "Bootloader.elf" @"objects.list"   -mcpu=cortex-m7 -T"/Users/sanjaybendale/Desktop/HardwareSecurity/STM32-Bootloader/Bootloader_Example/Bootloader/STM32F767ZITX_FLASH.ld" --specs=nosys.specs -Wl,-Map="Bootloader.map" -Wl,--gc-sections -static --specs=nano.specs -mfpu=fpv5-d16 -mfloat-abi=hard -mthumb -Wl,--start-group -lc -lm -Wl,--end-group
/Applications/STM32CubeIDE.app/Contents/Eclipse/plugins/com.st.stm32cube.ide.mcu.externaltools.gnu-tools-for-stm32.13.3.rel1.macos64_1.0.0.202411102158/tools/bin/../lib/gcc/arm-none-eabi/13.3.1/../../../../arm-none-eabi/bin/ld: warning: Bootloader.elf has a LOAD segment with RWX permissions
/Applications/STM32CubeIDE.app/Contents/Eclipse/plugins/com.st.stm32cube.ide.mcu.externaltools.gnu-tools-for-stm32.13.3.rel1.macos64_1.0.0.202411102158/tools/bin/../lib/gcc/arm-none-eabi/13.3.1/../../../../arm-none-eabi/bin/ld: ./Core/Src/main.o: in function `main':
/Users/sanjaybendale/Desktop/HardwareSecurity/STM32-Bootloader/Bootloader_Example/Bootloader/Debug/../Core/Src/main.c:79:(.text.main+0xe): undefined reference to `AL_GPIO_WritePin'
collect2: error: ld returned 1 exit status
make: *** [makefile:64: Bootloader.elf] Error 1
"make -j7 all" terminated with exit code 2. Build might be incomplete.

07:52:25 Build Failed. 2 errors, 2 warnings. (took 4s.80ms)

